<?xml version="1.0" encoding="UTF-8"?>
<!-- Generated by org.testng.reporters.JUnitReportReporter -->
<testsuite hostname="Aaradhya" failures="0" tests="1" name="TestClases.LoginTest" time="1.575" errors="0" timestamp="2025-06-28T02:22:39 IST" skipped="0">
  <testcase classname="TestClases.LoginTest" name="testValidLogin" time="1.575"/>
</testsuite> <!-- TestClases.LoginTest -->
