<?xml version="1.0" encoding="UTF-8"?>
<!-- Generated by org.testng.reporters.JUnitReportReporter -->
<testsuite hostname="Aaradhya" failures="0" tests="1" name="TestClases.RegistrationTest" time="4.030" errors="0" timestamp="2025-07-06T07:21:27 IST" skipped="0">
  <testcase classname="TestClases.RegistrationTest" name="testRegistration" time="4.030"/>
</testsuite> <!-- TestClases.RegistrationTest -->
