<?xml version="1.0" encoding="UTF-8"?>
<!-- Generated by org.testng.reporters.JUnitReportReporter -->
<testsuite hostname="Aaradhya" failures="0" tests="1" name="TestClases.LoginTest" time="1.272" errors="0" timestamp="2025-07-04T23:21:49 IST" skipped="0">
  <testcase classname="TestClases.LoginTest" name="testValidLogin" time="1.272"/>
</testsuite> <!-- TestClases.LoginTest -->
