<?xml version="1.0" encoding="UTF-8"?>
<!-- Generated by org.testng.reporters.JUnitReportReporter -->
<testsuite hostname="Aaradhya" failures="0" tests="1" name="TestClases.RegistrationTest" time="3.363" errors="0" timestamp="2025-06-30T00:36:46 IST" skipped="0">
  <testcase classname="TestClases.RegistrationTest" name="testRegistration" time="3.363"/>
</testsuite> <!-- TestClases.RegistrationTest -->
