<?xml version="1.0" encoding="UTF-8"?>
<!-- Generated by org.testng.reporters.JUnitReportReporter -->
<testsuite hostname="Aaradhya" failures="0" tests="5" name="TestClases.LoginDDTtest" time="40.837" errors="0" timestamp="2025-07-06T06:51:43 IST" skipped="0">
  <testcase classname="TestClases.LoginDDTtest" name="loginDDTest" time="11.180"/>
  <testcase classname="TestClases.LoginDDTtest" name="loginDDTest" time="11.805"/>
  <testcase classname="TestClases.LoginDDTtest" name="loginDDTest" time="3.529"/>
  <testcase classname="TestClases.LoginDDTtest" name="loginDDTest" time="11.248"/>
  <testcase classname="TestClases.LoginDDTtest" name="loginDDTest" time="3.075"/>
</testsuite> <!-- TestClases.LoginDDTtest -->
