<?xml version="1.0" encoding="UTF-8"?>
<!-- Generated by org.testng.reporters.JUnitReportReporter -->
<testsuite hostname="Aaradhya" failures="0" tests="1" name="TestClases.RegistrationTest" time="3.292" errors="0" timestamp="2025-06-28T02:21:26 IST" skipped="0">
  <testcase classname="TestClases.RegistrationTest" name="testRegistration" time="3.292"/>
</testsuite> <!-- TestClases.RegistrationTest -->
