<?xml version="1.0" encoding="UTF-8"?>
<!-- Generated by org.testng.reporters.JUnitReportReporter -->
<testsuite hostname="Aaradhya" failures="0" tests="1" name="TestClases.LoginTest" time="1.562" errors="0" timestamp="2025-06-30T00:36:46 IST" skipped="0">
  <testcase classname="TestClases.LoginTest" name="testValidLogin" time="1.562"/>
</testsuite> <!-- TestClases.LoginTest -->
